<?xml version="1.0" encoding="UTF-8"?>
<testng-results ignored="0" total="1" passed="1" failed="0" skipped="0">
  <reporter-output>
  </reporter-output>
  <suite started-at="2025-12-31T13:03:07 IST" name="iween Test Suite" finished-at="2025-12-31T13:03:33 IST" duration-ms="25948">
    <groups>
    </groups>
    <test started-at="2025-12-31T13:03:07 IST" name=" Search Tests" finished-at="2025-12-31T13:03:33 IST" duration-ms="25948">
      <class name="com.orangeHRM.testcase.TCCP_1">
        <test-method is-config="true" signature="setup(java.lang.String,java.lang.String,java.lang.reflect.Method)[pri:0, instance:com.orangeHRM.testcase.TCCP_1@5111de7c]" started-at="2025-12-31T13:03:08 IST" name="setup" finished-at="2025-12-31T13:03:16 IST" duration-ms="7519" status="PASS">
          <params>
            <param index="0">
              <value>
                <![CDATA[Windows]]>
              </value>
            </param>
            <param index="1">
              <value>
                <![CDATA[chrome]]>
              </value>
            </param>
            <param index="2">
              <value>
                <![CDATA[public void com.orangeHRM.testcase.TCCP_1.myTest(java.util.Map) throws java.lang.Exception]]>
              </value>
            </param>
          </params>
          <reporter-output>
          </reporter-output>
        </test-method> <!-- setup -->
        <test-method signature="myTest(java.util.Map)[pri:0, instance:com.orangeHRM.testcase.TCCP_1@5111de7c]" started-at="2025-12-31T13:03:16 IST" name="myTest" data-provider="excelData" finished-at="2025-12-31T13:03:33 IST" duration-ms="17252" status="PASS">
          <params>
            <param index="0">
              <value>
                <![CDATA[{Depart From=blr}]]>
              </value>
            </param>
          </params>
          <reporter-output>
          </reporter-output>
        </test-method> <!-- myTest -->
        <test-method is-config="true" signature="tearDown()[pri:0, instance:com.orangeHRM.testcase.TCCP_1@5111de7c]" started-at="2025-12-31T13:03:33 IST" name="tearDown" finished-at="2025-12-31T13:03:33 IST" duration-ms="376" status="PASS">
          <reporter-output>
          </reporter-output>
        </test-method> <!-- tearDown -->
      </class> <!-- com.orangeHRM.testcase.TCCP_1 -->
    </test> <!--  Search Tests -->
  </suite> <!-- iween Test Suite -->
</testng-results>
